<?xml version="1.0" encoding="UTF-8"?>
<testsuite xmlns:xsi="http://www.w3.org/2001/XMLSchema-instance" xsi:noNamespaceSchemaLocation="https://maven.apache.org/surefire/maven-surefire-plugin/xsd/surefire-test-report-3.0.xsd" version="3.0" name="Appliance.ApplianceApi.XboxApiTest" time="0.032" tests="14" errors="0" skipped="0" failures="0">
  <properties>
    <property name="java.specification.version" value="14"/>
    <property name="sun.cpu.isalist" value="amd64"/>
    <property name="sun.jnu.encoding" value="Cp1250"/>
    <property name="java.class.path" value="D:\Skola\SmartHouse-Simulation\target\test-classes;D:\Skola\SmartHouse-Simulation\target\classes;C:\Users\Fuji\.m2\repository\com\fasterxml\jackson\core\jackson-databind\2.10.0.pr1\jackson-databind-2.10.0.pr1.jar;C:\Users\Fuji\.m2\repository\com\fasterxml\jackson\core\jackson-annotations\2.10.0.pr1\jackson-annotations-2.10.0.pr1.jar;C:\Users\Fuji\.m2\repository\com\fasterxml\jackson\core\jackson-core\2.10.0.pr1\jackson-core-2.10.0.pr1.jar;C:\Users\Fuji\.m2\repository\junit\junit\4.12\junit-4.12.jar;C:\Users\Fuji\.m2\repository\org\hamcrest\hamcrest-core\1.3\hamcrest-core-1.3.jar;C:\Users\Fuji\.m2\repository\org\junit\jupiter\junit-jupiter\5.8.2\junit-jupiter-5.8.2.jar;C:\Users\Fuji\.m2\repository\org\junit\jupiter\junit-jupiter-api\5.8.2\junit-jupiter-api-5.8.2.jar;C:\Users\Fuji\.m2\repository\org\opentest4j\opentest4j\1.2.0\opentest4j-1.2.0.jar;C:\Users\Fuji\.m2\repository\org\junit\platform\junit-platform-commons\1.8.2\junit-platform-commons-1.8.2.jar;C:\Users\Fuji\.m2\repository\org\apiguardian\apiguardian-api\1.1.2\apiguardian-api-1.1.2.jar;C:\Users\Fuji\.m2\repository\org\junit\jupiter\junit-jupiter-params\5.8.2\junit-jupiter-params-5.8.2.jar;C:\Users\Fuji\.m2\repository\org\junit\jupiter\junit-jupiter-engine\5.8.2\junit-jupiter-engine-5.8.2.jar;C:\Users\Fuji\.m2\repository\org\junit\platform\junit-platform-engine\1.8.2\junit-platform-engine-1.8.2.jar;"/>
    <property name="java.vm.vendor" value="Oracle Corporation"/>
    <property name="sun.arch.data.model" value="64"/>
    <property name="user.variant" value=""/>
    <property name="java.vendor.url" value="https://java.oracle.com/"/>
    <property name="user.timezone" value="Europe/Prague"/>
    <property name="os.name" value="Windows 10"/>
    <property name="java.vm.specification.version" value="14"/>
    <property name="sun.java.launcher" value="SUN_STANDARD"/>
    <property name="user.country" value="CZ"/>
    <property name="sun.boot.library.path" value="C:\Program Files\Java\jdk-14\bin"/>
    <property name="sun.java.command" value="C:\Users\Fuji\AppData\Local\Temp\surefire1362514902473657659\surefirebooter9005776405890887132.jar C:\Users\Fuji\AppData\Local\Temp\surefire1362514902473657659 2022-01-04T22-44-48_023-jvmRun1 surefire10251989836599665198tmp surefire_014312064231110465463tmp"/>
    <property name="jdk.debug" value="release"/>
    <property name="surefire.test.class.path" value="D:\Skola\SmartHouse-Simulation\target\test-classes;D:\Skola\SmartHouse-Simulation\target\classes;C:\Users\Fuji\.m2\repository\com\fasterxml\jackson\core\jackson-databind\2.10.0.pr1\jackson-databind-2.10.0.pr1.jar;C:\Users\Fuji\.m2\repository\com\fasterxml\jackson\core\jackson-annotations\2.10.0.pr1\jackson-annotations-2.10.0.pr1.jar;C:\Users\Fuji\.m2\repository\com\fasterxml\jackson\core\jackson-core\2.10.0.pr1\jackson-core-2.10.0.pr1.jar;C:\Users\Fuji\.m2\repository\junit\junit\4.12\junit-4.12.jar;C:\Users\Fuji\.m2\repository\org\hamcrest\hamcrest-core\1.3\hamcrest-core-1.3.jar;C:\Users\Fuji\.m2\repository\org\junit\jupiter\junit-jupiter\5.8.2\junit-jupiter-5.8.2.jar;C:\Users\Fuji\.m2\repository\org\junit\jupiter\junit-jupiter-api\5.8.2\junit-jupiter-api-5.8.2.jar;C:\Users\Fuji\.m2\repository\org\opentest4j\opentest4j\1.2.0\opentest4j-1.2.0.jar;C:\Users\Fuji\.m2\repository\org\junit\platform\junit-platform-commons\1.8.2\junit-platform-commons-1.8.2.jar;C:\Users\Fuji\.m2\repository\org\apiguardian\apiguardian-api\1.1.2\apiguardian-api-1.1.2.jar;C:\Users\Fuji\.m2\repository\org\junit\jupiter\junit-jupiter-params\5.8.2\junit-jupiter-params-5.8.2.jar;C:\Users\Fuji\.m2\repository\org\junit\jupiter\junit-jupiter-engine\5.8.2\junit-jupiter-engine-5.8.2.jar;C:\Users\Fuji\.m2\repository\org\junit\platform\junit-platform-engine\1.8.2\junit-platform-engine-1.8.2.jar;"/>
    <property name="sun.cpu.endian" value="little"/>
    <property name="user.home" value="C:\Users\Fuji"/>
    <property name="user.language" value="cs"/>
    <property name="java.specification.vendor" value="Oracle Corporation"/>
    <property name="java.version.date" value="2020-03-17"/>
    <property name="java.home" value="C:\Program Files\Java\jdk-14"/>
    <property name="file.separator" value="\"/>
    <property name="basedir" value="D:\Skola\SmartHouse-Simulation"/>
    <property name="java.vm.compressedOopsMode" value="Zero based"/>
    <property name="line.separator" value="&#10;"/>
    <property name="java.vm.specification.vendor" value="Oracle Corporation"/>
    <property name="java.specification.name" value="Java Platform API Specification"/>
    <property name="surefire.real.class.path" value="C:\Users\Fuji\AppData\Local\Temp\surefire1362514902473657659\surefirebooter9005776405890887132.jar"/>
    <property name="user.script" value=""/>
    <property name="sun.management.compiler" value="HotSpot 64-Bit Tiered Compilers"/>
    <property name="java.runtime.version" value="14+36-1461"/>
    <property name="user.name" value="Fuji"/>
    <property name="path.separator" value=";"/>
    <property name="os.version" value="10.0"/>
    <property name="java.runtime.name" value="Java(TM) SE Runtime Environment"/>
    <property name="file.encoding" value="Cp1250"/>
    <property name="java.vm.name" value="Java HotSpot(TM) 64-Bit Server VM"/>
    <property name="localRepository" value="C:\Users\Fuji\.m2\repository"/>
    <property name="java.vendor.url.bug" value="https://bugreport.java.com/bugreport/"/>
    <property name="java.io.tmpdir" value="C:\Users\Fuji\AppData\Local\Temp\"/>
    <property name="java.version" value="14"/>
    <property name="user.dir" value="D:\Skola\SmartHouse-Simulation"/>
    <property name="os.arch" value="amd64"/>
    <property name="groups" value="House,Living"/>
    <property name="java.vm.specification.name" value="Java Virtual Machine Specification"/>
    <property name="sun.os.patch.level" value=""/>
    <property name="java.library.path" value="C:\Program Files\Java\jdk-14\bin;C:\WINDOWS\Sun\Java\bin;C:\WINDOWS\system32;C:\WINDOWS;C:\Program Files\NVIDIA GPU Computing Toolkit\CUDA\v11.5\bin;C:\Program Files\NVIDIA GPU Computing Toolkit\CUDA\v11.5\libnvvp;C:\Program Files (x86)\Common Files\Oracle\Java\javapath;C:\Program Files (x86)\Intel\iCLS Client\;C:\Program Files\Intel\iCLS Client\;C:\Windows\system32;C:\Windows;C:\Windows\System32\Wbem;C:\Windows\System32\WindowsPowerShell\v1.0\;C:\Program Files (x86)\NVIDIA Corporation\PhysX\Common;C:\WINDOWS\system32;C:\WINDOWS;C:\WINDOWS\System32\Wbem;C:\WINDOWS\System32\WindowsPowerShell\v1.0\;C:\WINDOWS\System32\OpenSSH\;C:\Program Files (x86)\Intel\Intel(R) Management Engine Components\DAL;C:\Program Files\Intel\Intel(R) Management Engine Components\DAL;C:\Program Files (x86)\Intel\Intel(R) Management Engine Components\IPT;C:\Program Files\Intel\Intel(R) Management Engine Components\IPT;C:\Program Files\NVIDIA Corporation\NVIDIA NvDLISR;D:\matlab\bin;D:\Fairtom\ec2_app_trdp_carmen_vrs01318\configTools;C:\WINDOWS\system32;C:\WINDOWS;C:\WINDOWS\System32\Wbem;C:\WINDOWS\System32\WindowsPowerShell\v1.0\;C:\WINDOWS\System32\OpenSSH\;C:\Program Files\Java\javafx-sdk-11.0.2;C:\Program Files\Java\javafx-sdk-11.0.2\bin;C:\Program Files\Java\zulu11.33.15-ca-jdk11.0.4-win_x64;C:\Program Files\Java\zulu11.33.15-ca-jdk11.0.4-win_x64\bin;C:\Program Files\Java\jdk-13\bin;C:\Program Files\Java\jdk-13.0.1\bin;C:\Program Files\Java\jdk1.8.0_231\bin;C:\Users\Fuji\AppData\Local\Packages\PythonSoftwareFoundation.Python.3.8_qbz5n2kfra8p0\LocalCache\local-packages\Python38\Scripts;C:\ProgramData\DockerDesktop\version-bin;C:\Program Files\Git\cmd;D:\Skola\glfw-3.3.4.bin.WIN64\lib-mingw-w64;C:\Program Files\PuTTY\;C:\Program Files\NVIDIA Corporation\Nsight Compute 2021.3.1\;C:\Users\Fuji\AppData\Local\Microsoft\WindowsApps;D:\Fairtom\ec2_app_trdp_carmen_vrs01318\configTools;D:\Fairtom\ec2_app_trdp_carmen_vrs01318\TCNTest;C:\Program Files (x86)\gnuwin32\bin;C:\Program Files\Java\javafx-sdk-11.0.2;C:\Program Files\apache-maven-3.6.2\bin;C:\Program Files\Java\jdk-13\bin;C:\Program Files\Java\jdk-13.0.1\bin;D:\PyCharm\PyCharm Community Edition 2020.1.2\bin;;C:\Users\Fuji\AppData\Local\Packages\PythonSoftwareFoundation.Python.3.8_qbz5n2kfra8p0\LocalCache\local-packages\Python38\Scripts;C:\Users\Fuji\AppData\Roaming\TinyTeX\bin\win32;D:\Skola\pgr\pgr-framework\bin;D:\bin;C:\Users\Fuji\AppData\Local\Packages\PythonSoftwareFoundation.Python.3.9_qbz5n2kfra8p0\LocalCache\local-packages\Python39\Scripts;C:\Users\Fuji\AppData\Local\Packages\PythonSoftwareFoundation.Python.3.9_qbz5n2kfra8p0\LocalCache\local-packages\Python39;D:\maven\apache-maven-3.8.4\bin;;."/>
    <property name="java.vm.info" value="mixed mode, sharing"/>
    <property name="java.vendor" value="Oracle Corporation"/>
    <property name="java.vm.version" value="14+36-1461"/>
    <property name="sun.io.unicode.encoding" value="UnicodeLittle"/>
    <property name="java.class.version" value="58.0"/>
  </properties>
  <testcase name="testWorkXbox" classname="Appliance.ApplianceApi.XboxApiTest" time="0"/>
  <testcase name="testBrokenXbox" classname="Appliance.ApplianceApi.XboxApiTest" time="0.016"/>
  <testcase name="testCreateDocumentationXbox" classname="Appliance.ApplianceApi.XboxApiTest" time="0"/>
  <testcase name="testLoadfromSourceXbox{Integer, Integer, Integer, String, String}[1]" classname="Appliance.ApplianceApi.XboxApiTest" time="0"/>
  <testcase name="testLoadfromSourceXbox{Integer, Integer, Integer, String, String}[2]" classname="Appliance.ApplianceApi.XboxApiTest" time="0"/>
  <testcase name="testLoadfromSourceXbox{Integer, Integer, Integer, String, String}[3]" classname="Appliance.ApplianceApi.XboxApiTest" time="0"/>
  <testcase name="testLoadfromSourceXbox{Integer, Integer, Integer, String, String}[4]" classname="Appliance.ApplianceApi.XboxApiTest" time="0"/>
  <testcase name="testLoadfromSourceXbox{Integer, Integer, Integer, String, String}[5]" classname="Appliance.ApplianceApi.XboxApiTest" time="0"/>
  <testcase name="testLoadfromSourceXbox{Integer, Integer, Integer, String, String}[6]" classname="Appliance.ApplianceApi.XboxApiTest" time="0"/>
  <testcase name="testLoadfromSourceXbox{Integer, Integer, Integer, String, String}[7]" classname="Appliance.ApplianceApi.XboxApiTest" time="0"/>
  <testcase name="testLoadfromSourceXbox{Integer, Integer, Integer, String, String}[8]" classname="Appliance.ApplianceApi.XboxApiTest" time="0"/>
  <testcase name="testLoadfromSourceXbox{Integer, Integer, Integer, String, String}[9]" classname="Appliance.ApplianceApi.XboxApiTest" time="0"/>
  <testcase name="testLoadfromSourceXbox{Integer, Integer, Integer, String, String}[10]" classname="Appliance.ApplianceApi.XboxApiTest" time="0"/>
  <testcase name="testConsumptionXbox" classname="Appliance.ApplianceApi.XboxApiTest" time="0"/>
</testsuite>